Сборка начата 21.02.2014 15:56:38.
     1>Проект "C:\Users\Sergey Ivanychev\Google Диск\Работа\Программирование\Visual Studio\Derivative\Derivative\Derivative.vcxproj" в узле 2 (целевые объекты Rebuild).
     1>ClCompile:
         C:\Program Files (x86)\Microsoft Visual Studio 12.0\VC\bin\CL.exe /c /ZI /nologo /W3 /WX- /Od /Oy- /D WIN32 /D _DEBUG /D _CONSOLE /D _LIB /D _UNICODE /D UNICODE /Gm /EHsc /RTC1 /MDd /GS /fp:precise /Zc:wchar_t /Zc:forScope /Fo"Debug\\" /Fd"Debug\vc120.pdb" /Gd /TP /analyze- /errorReport:prompt deriative.cpp main.cpp math_funcs.cpp parser.cpp tex_export.cpp token.cpp tree.cpp
         tree.cpp
     1>c:\users\sergey ivanychev\google диск\работа\программирование\visual studio\derivative\derivative\functions.h(1): warning C4002: слишком много фактических параметров для макроопределения "_S"
     1>c:\users\sergey ivanychev\google диск\работа\программирование\visual studio\derivative\derivative\functions.h(2): warning C4002: слишком много фактических параметров для макроопределения "_S"
     1>c:\users\sergey ivanychev\google диск\работа\программирование\visual studio\derivative\derivative\tree.cpp(964): warning C4996: 'strcpy': This function or variable may be unsafe. Consider using strcpy_s instead. To disable deprecation, use _CRT_SECURE_NO_WARNINGS. See online help for details.
                 c:\program files (x86)\microsoft visual studio 12.0\vc\include\string.h(112): см. объявление "strcpy"
     1>c:\users\sergey ivanychev\google диск\работа\программирование\visual studio\derivative\derivative\tree.cpp(1131): warning C4996: 'sprintf': This function or variable may be unsafe. Consider using sprintf_s instead. To disable deprecation, use _CRT_SECURE_NO_WARNINGS. See online help for details.
                 c:\program files (x86)\microsoft visual studio 12.0\vc\include\stdio.h(356): см. объявление "sprintf"
     1>c:\users\sergey ivanychev\google диск\работа\программирование\visual studio\derivative\derivative\tree.cpp(1137): warning C4996: 'sprintf': This function or variable may be unsafe. Consider using sprintf_s instead. To disable deprecation, use _CRT_SECURE_NO_WARNINGS. See online help for details.
                 c:\program files (x86)\microsoft visual studio 12.0\vc\include\stdio.h(356): см. объявление "sprintf"
     1>c:\users\sergey ivanychev\google диск\работа\программирование\visual studio\derivative\derivative\tree.cpp(1435): warning C4996: 'strcpy': This function or variable may be unsafe. Consider using strcpy_s instead. To disable deprecation, use _CRT_SECURE_NO_WARNINGS. See online help for details.
                 c:\program files (x86)\microsoft visual studio 12.0\vc\include\string.h(112): см. объявление "strcpy"
         token.cpp
     1>c:\users\sergey ivanychev\google диск\работа\программирование\visual studio\derivative\derivative\functions.h(1): warning C4002: слишком много фактических параметров для макроопределения "_S"
     1>c:\users\sergey ivanychev\google диск\работа\программирование\visual studio\derivative\derivative\functions.h(2): warning C4002: слишком много фактических параметров для макроопределения "_S"
     1>c:\users\sergey ivanychev\google диск\работа\программирование\visual studio\derivative\derivative\token.cpp(168): warning C4996: '_strlwr': This function or variable may be unsafe. Consider using _strlwr_s instead. To disable deprecation, use _CRT_SECURE_NO_WARNINGS. See online help for details.
                 c:\program files (x86)\microsoft visual studio 12.0\vc\include\string.h(175): см. объявление "_strlwr"
     1>c:\users\sergey ivanychev\google диск\работа\программирование\visual studio\derivative\derivative\token.cpp(232): warning C4996: 'strcpy': This function or variable may be unsafe. Consider using strcpy_s instead. To disable deprecation, use _CRT_SECURE_NO_WARNINGS. See online help for details.
                 c:\program files (x86)\microsoft visual studio 12.0\vc\include\string.h(112): см. объявление "strcpy"
     1>c:\users\sergey ivanychev\google диск\работа\программирование\visual studio\derivative\derivative\token.cpp(262): warning C4996: 'strcpy': This function or variable may be unsafe. Consider using strcpy_s instead. To disable deprecation, use _CRT_SECURE_NO_WARNINGS. See online help for details.
                 c:\program files (x86)\microsoft visual studio 12.0\vc\include\string.h(112): см. объявление "strcpy"
         tex_export.cpp
     1>c:\users\sergey ivanychev\google диск\работа\программирование\visual studio\derivative\derivative\functions.h(1): warning C4002: слишком много фактических параметров для макроопределения "_S"
     1>c:\users\sergey ivanychev\google диск\работа\программирование\visual studio\derivative\derivative\functions.h(2): warning C4002: слишком много фактических параметров для макроопределения "_S"
         parser.cpp
     1>c:\users\sergey ivanychev\google диск\работа\программирование\visual studio\derivative\derivative\functions.h(1): warning C4002: слишком много фактических параметров для макроопределения "_S"
     1>c:\users\sergey ivanychev\google диск\работа\программирование\visual studio\derivative\derivative\functions.h(2): warning C4002: слишком много фактических параметров для макроопределения "_S"
         math_funcs.cpp
     1>c:\users\sergey ivanychev\google диск\работа\программирование\visual studio\derivative\derivative\functions.h(1): warning C4002: слишком много фактических параметров для макроопределения "_S"
     1>c:\users\sergey ivanychev\google диск\работа\программирование\visual studio\derivative\derivative\functions.h(2): warning C4002: слишком много фактических параметров для макроопределения "_S"
         main.cpp
     1>c:\users\sergey ivanychev\google диск\работа\программирование\visual studio\derivative\derivative\functions.h(1): warning C4002: слишком много фактических параметров для макроопределения "_S"
     1>c:\users\sergey ivanychev\google диск\работа\программирование\visual studio\derivative\derivative\functions.h(2): warning C4002: слишком много фактических параметров для макроопределения "_S"
     1>c:\users\sergey ivanychev\google диск\работа\программирование\visual studio\derivative\derivative\main.cpp(61): warning C4996: 'fopen': This function or variable may be unsafe. Consider using fopen_s instead. To disable deprecation, use _CRT_SECURE_NO_WARNINGS. See online help for details.
                 c:\program files (x86)\microsoft visual studio 12.0\vc\include\stdio.h(211): см. объявление "fopen"
     1>c:\users\sergey ivanychev\google диск\работа\программирование\visual studio\derivative\derivative\main.cpp(62): warning C4996: 'fopen': This function or variable may be unsafe. Consider using fopen_s instead. To disable deprecation, use _CRT_SECURE_NO_WARNINGS. See online help for details.
                 c:\program files (x86)\microsoft visual studio 12.0\vc\include\stdio.h(211): см. объявление "fopen"
     1>c:\users\sergey ivanychev\google диск\работа\программирование\visual studio\derivative\derivative\main.cpp(65): warning C4996: 'fopen': This function or variable may be unsafe. Consider using fopen_s instead. To disable deprecation, use _CRT_SECURE_NO_WARNINGS. See online help for details.
                 c:\program files (x86)\microsoft visual studio 12.0\vc\include\stdio.h(211): см. объявление "fopen"
     1>c:\users\sergey ivanychev\google диск\работа\программирование\visual studio\derivative\derivative\main.cpp(66): warning C4996: 'fopen': This function or variable may be unsafe. Consider using fopen_s instead. To disable deprecation, use _CRT_SECURE_NO_WARNINGS. See online help for details.
                 c:\program files (x86)\microsoft visual studio 12.0\vc\include\stdio.h(211): см. объявление "fopen"
     1>c:\users\sergey ivanychev\google диск\работа\программирование\visual studio\derivative\derivative\main.cpp(67): warning C4996: 'fopen': This function or variable may be unsafe. Consider using fopen_s instead. To disable deprecation, use _CRT_SECURE_NO_WARNINGS. See online help for details.
                 c:\program files (x86)\microsoft visual studio 12.0\vc\include\stdio.h(211): см. объявление "fopen"
         deriative.cpp
     1>c:\users\sergey ivanychev\google диск\работа\программирование\visual studio\derivative\derivative\functions.h(1): warning C4002: слишком много фактических параметров для макроопределения "_S"
     1>c:\users\sergey ivanychev\google диск\работа\программирование\visual studio\derivative\derivative\functions.h(2): warning C4002: слишком много фактических параметров для макроопределения "_S"
         Создание кода...
       Link:
         C:\Program Files (x86)\Microsoft Visual Studio 12.0\VC\bin\link.exe /ERRORREPORT:PROMPT /OUT:"C:\Users\Sergey Ivanychev\Google Диск\Работа\Программирование\Visual Studio\Derivative\Debug\Derivative.exe" /INCREMENTAL /NOLOGO kernel32.lib user32.lib gdi32.lib winspool.lib comdlg32.lib advapi32.lib shell32.lib ole32.lib oleaut32.lib uuid.lib odbc32.lib odbccp32.lib /MANIFEST /MANIFESTUAC:"level='asInvoker' uiAccess='false'" /manifest:embed /DEBUG /PDB:"C:\Users\Sergey Ivanychev\Google Диск\Работа\Программирование\Visual Studio\Derivative\Debug\Derivative.pdb" /SUBSYSTEM:CONSOLE /TLBID:1 /DYNAMICBASE /NXCOMPAT /IMPLIB:"C:\Users\Sergey Ivanychev\Google Диск\Работа\Программирование\Visual Studio\Derivative\Debug\Derivative.lib" /MACHINE:X86 Debug\deriative.obj
         Debug\main.obj
         Debug\math_funcs.obj
         Debug\parser.obj
         Debug\tex_export.obj
         Debug\token.obj
         Debug\tree.obj
         Derivative.vcxproj -> C:\Users\Sergey Ivanychev\Google Диск\Работа\Программирование\Visual Studio\Derivative\Debug\Derivative.exe
     1>Сборка проекта "C:\Users\Sergey Ivanychev\Google Диск\Работа\Программирование\Visual Studio\Derivative\Derivative\Derivative.vcxproj" завершена (целевые объекты Rebuild).

Сборка успешно завершена.

Затраченное время: 00:00:01.69
