c:\users\sergey ivanychev\google диск\работа\программирование\visual studio\derivative\derivative\debug\vc120.pdb
c:\users\sergey ivanychev\google диск\работа\программирование\visual studio\derivative\derivative\debug\vc120.idb
c:\users\sergey ivanychev\google диск\работа\программирование\visual studio\derivative\derivative\debug\deriative.nativecodeanalysis.xml
c:\users\sergey ivanychev\google диск\работа\программирование\visual studio\derivative\derivative\debug\main.nativecodeanalysis.xml
c:\users\sergey ivanychev\google диск\работа\программирование\visual studio\derivative\derivative\debug\math_funcs.nativecodeanalysis.xml
c:\users\sergey ivanychev\google диск\работа\программирование\visual studio\derivative\derivative\debug\parser.nativecodeanalysis.xml
c:\users\sergey ivanychev\google диск\работа\программирование\visual studio\derivative\derivative\debug\tex_export.nativecodeanalysis.xml
c:\users\sergey ivanychev\google диск\работа\программирование\visual studio\derivative\derivative\debug\token.nativecodeanalysis.xml
c:\users\sergey ivanychev\google диск\работа\программирование\visual studio\derivative\derivative\debug\tree.nativecodeanalysis.xml
c:\users\sergey ivanychev\google диск\работа\программирование\visual studio\derivative\derivative\debug\tree.obj
c:\users\sergey ivanychev\google диск\работа\программирование\visual studio\derivative\derivative\debug\token.obj
c:\users\sergey ivanychev\google диск\работа\программирование\visual studio\derivative\derivative\debug\tex_export.obj
c:\users\sergey ivanychev\google диск\работа\программирование\visual studio\derivative\derivative\debug\parser.obj
c:\users\sergey ivanychev\google диск\работа\программирование\visual studio\derivative\derivative\debug\math_funcs.obj
c:\users\sergey ivanychev\google диск\работа\программирование\visual studio\derivative\derivative\debug\main.obj
c:\users\sergey ivanychev\google диск\работа\программирование\visual studio\derivative\derivative\debug\deriative.obj
c:\users\sergey ivanychev\google диск\работа\программирование\visual studio\derivative\debug\derivative.ilk
c:\users\sergey ivanychev\google диск\работа\программирование\visual studio\derivative\debug\derivative.exe
c:\users\sergey ivanychev\google диск\работа\программирование\visual studio\derivative\debug\derivative.pdb
c:\users\sergey ivanychev\google диск\работа\программирование\visual studio\derivative\derivative\debug\nativecodeanalysis.read.1.tlog
c:\users\sergey ivanychev\google диск\работа\программирование\visual studio\derivative\derivative\debug\vc.nativecodeanalysis.all.xml
c:\users\sergey ivanychev\google диск\работа\программирование\visual studio\derivative\debug\derivative.exe.lastcodeanalysissucceeded
c:\users\sergey ivanychev\google диск\работа\программирование\visual studio\derivative\derivative\debug\derivative.tlog\cl.command.1.tlog
c:\users\sergey ivanychev\google диск\работа\программирование\visual studio\derivative\derivative\debug\derivative.tlog\cl.read.1.tlog
c:\users\sergey ivanychev\google диск\работа\программирование\visual studio\derivative\derivative\debug\derivative.tlog\cl.write.1.tlog
c:\users\sergey ivanychev\google диск\работа\программирование\visual studio\derivative\derivative\debug\derivative.tlog\link.command.1.tlog
c:\users\sergey ivanychev\google диск\работа\программирование\visual studio\derivative\derivative\debug\derivative.tlog\link.read.1.tlog
c:\users\sergey ivanychev\google диск\работа\программирование\visual studio\derivative\derivative\debug\derivative.tlog\link.write.1.tlog
